<?xml version="1.0" encoding="UTF-8"?>
<!-- Generated by org.testng.reporters.JUnitXMLReporter -->
<testsuite hostname="Emilios-MBP.home" name="Regression" tests="5" failures="0" timestamp="15 Apr 2016 21:26:40 GMT" time="62.689" errors="0">
  <testcase name="Search" time="17.499" classname="MovieFone.HomeTest"/>
  <testcase name="Search" time="12.937" classname="MovieFone.SearchTest"/>
  <testcase name="Search" time="0.799" classname="MovieFone.HomeNewsTest"/>
  <testcase name="Search" time="2.508" classname="MovieFone.HomeNewsletterSignUp"/>
  <testcase name="Search" time="0.785" classname="MovieFone.HomePageClickMenuItem"/>
</testsuite> <!-- Regression -->
