<?xml version="1.0" encoding="UTF-8"?>
<!-- Generated by org.testng.reporters.JUnitXMLReporter -->
<testsuite hostname="Emilios-MBP.home" name="Regression" tests="1" failures="0" timestamp="15 Apr 2016 18:47:38 GMT" time="0.04" errors="0">
  <testcase name="@BeforeClass setUp" time="0.0" classname="MovieFone.HomeTest">
    <failure type="org.testng.TestNGException" message="
Method setUp requires 2 parameters but 1 were supplied in the @Configuration annotation.">
      <![CDATA[org.testng.TestNGException: 
Method setUp requires 2 parameters but 1 were supplied in the @Configuration annotation.
... Removed 22 stack frames]]>
    </failure>
  </testcase> <!-- @BeforeClass setUp -->
  <testcase name="@AfterClass tearDown" time="0.0" classname="MovieFone.HomeTest">
    <skipped/>
  </testcase> <!-- @AfterClass tearDown -->
  <testcase name="Search" time="0.008" classname="MovieFone.HomeTest">
    <skipped/>
  </testcase> <!-- Search -->
</testsuite> <!-- Regression -->
